<?xml version="1.0" encoding="UTF-8"?>
<!-- Generated by org.testng.reporters.JUnitReportReporter -->
<testsuite skipped="0" hostname="DESKTOP-82II777" name="org.example.AppTest" tests="1" failures="0" timestamp="2023-04-09T02:11:27 EET" time="0.017" errors="0">
  <testcase name="shouldAnswerWithTrue" time="0.017" classname="org.example.AppTest"/>
  <system-out/>
</testsuite> <!-- org.example.AppTest -->
